Determining if the pthread_create exist failed with the following output:
Change Dir: /home/denim/NIKHIL_BHALODIYA_INTERN/catkin_ws/build/CMakeFiles/CMakeTmp

Run Build Command:"/usr/bin/make" "cmTC_e3868/fast"
/usr/bin/make -f CMakeFiles/cmTC_e3868.dir/build.make CMakeFiles/cmTC_e3868.dir/build
make[1]: Entering directory '/home/denim/NIKHIL_BHALODIYA_INTERN/catkin_ws/build/CMakeFiles/CMakeTmp'
Building C object CMakeFiles/cmTC_e3868.dir/CheckSymbolExists.c.o
/usr/bin/cc     -o CMakeFiles/cmTC_e3868.dir/CheckSymbolExists.c.o   -c /home/denim/NIKHIL_BHALODIYA_INTERN/catkin_ws/build/CMakeFiles/CMakeTmp/CheckSymbolExists.c
Linking C executable cmTC_e3868
/usr/bin/cmake -E cmake_link_script CMakeFiles/cmTC_e3868.dir/link.txt --verbose=1
/usr/bin/cc       CMakeFiles/cmTC_e3868.dir/CheckSymbolExists.c.o  -o cmTC_e3868 -rdynamic 
CMakeFiles/cmTC_e3868.dir/CheckSymbolExists.c.o: In function `main':
CheckSymbolExists.c:(.text+0x16): undefined reference to `pthread_create'
collect2: error: ld returned 1 exit status
CMakeFiles/cmTC_e3868.dir/build.make:97: recipe for target 'cmTC_e3868' failed
make[1]: *** [cmTC_e3868] Error 1
make[1]: Leaving directory '/home/denim/NIKHIL_BHALODIYA_INTERN/catkin_ws/build/CMakeFiles/CMakeTmp'
Makefile:126: recipe for target 'cmTC_e3868/fast' failed
make: *** [cmTC_e3868/fast] Error 2

File /home/denim/NIKHIL_BHALODIYA_INTERN/catkin_ws/build/CMakeFiles/CMakeTmp/CheckSymbolExists.c:
/* */
#include <pthread.h>

int main(int argc, char** argv)
{
  (void)argv;
#ifndef pthread_create
  return ((int*)(&pthread_create))[argc];
#else
  (void)argc;
  return 0;
#endif
}

Determining if the function pthread_create exists in the pthreads failed with the following output:
Change Dir: /home/denim/NIKHIL_BHALODIYA_INTERN/catkin_ws/build/CMakeFiles/CMakeTmp

Run Build Command:"/usr/bin/make" "cmTC_3bf15/fast"
/usr/bin/make -f CMakeFiles/cmTC_3bf15.dir/build.make CMakeFiles/cmTC_3bf15.dir/build
make[1]: Entering directory '/home/denim/NIKHIL_BHALODIYA_INTERN/catkin_ws/build/CMakeFiles/CMakeTmp'
Building C object CMakeFiles/cmTC_3bf15.dir/CheckFunctionExists.c.o
/usr/bin/cc    -DCHECK_FUNCTION_EXISTS=pthread_create   -o CMakeFiles/cmTC_3bf15.dir/CheckFunctionExists.c.o   -c /usr/share/cmake-3.5/Modules/CheckFunctionExists.c
Linking C executable cmTC_3bf15
/usr/bin/cmake -E cmake_link_script CMakeFiles/cmTC_3bf15.dir/link.txt --verbose=1
/usr/bin/cc   -DCHECK_FUNCTION_EXISTS=pthread_create    CMakeFiles/cmTC_3bf15.dir/CheckFunctionExists.c.o  -o cmTC_3bf15 -rdynamic -lpthreads 
/usr/bin/ld: cannot find -lpthreads
collect2: error: ld returned 1 exit status
CMakeFiles/cmTC_3bf15.dir/build.make:97: recipe for target 'cmTC_3bf15' failed
make[1]: *** [cmTC_3bf15] Error 1
make[1]: Leaving directory '/home/denim/NIKHIL_BHALODIYA_INTERN/catkin_ws/build/CMakeFiles/CMakeTmp'
Makefile:126: recipe for target 'cmTC_3bf15/fast' failed
make: *** [cmTC_3bf15/fast] Error 2


Determining if the pthread_create exist failed with the following output:
Change Dir: /home/denim/Motionplanningws/catkin_ws/build/CMakeFiles/CMakeTmp

Run Build Command:"/usr/bin/make" "cmTC_c94d6/fast"
/usr/bin/make -f CMakeFiles/cmTC_c94d6.dir/build.make CMakeFiles/cmTC_c94d6.dir/build
make[1]: Entering directory '/home/denim/Motionplanningws/catkin_ws/build/CMakeFiles/CMakeTmp'
Building C object CMakeFiles/cmTC_c94d6.dir/CheckSymbolExists.c.o
/usr/bin/cc     -o CMakeFiles/cmTC_c94d6.dir/CheckSymbolExists.c.o   -c /home/denim/Motionplanningws/catkin_ws/build/CMakeFiles/CMakeTmp/CheckSymbolExists.c
Linking C executable cmTC_c94d6
/usr/bin/cmake -E cmake_link_script CMakeFiles/cmTC_c94d6.dir/link.txt --verbose=1
/usr/bin/cc       CMakeFiles/cmTC_c94d6.dir/CheckSymbolExists.c.o  -o cmTC_c94d6 -rdynamic 
CMakeFiles/cmTC_c94d6.dir/CheckSymbolExists.c.o: In function `main':
CheckSymbolExists.c:(.text+0x16): undefined reference to `pthread_create'
collect2: error: ld returned 1 exit status
CMakeFiles/cmTC_c94d6.dir/build.make:97: recipe for target 'cmTC_c94d6' failed
make[1]: *** [cmTC_c94d6] Error 1
make[1]: Leaving directory '/home/denim/Motionplanningws/catkin_ws/build/CMakeFiles/CMakeTmp'
Makefile:126: recipe for target 'cmTC_c94d6/fast' failed
make: *** [cmTC_c94d6/fast] Error 2

File /home/denim/Motionplanningws/catkin_ws/build/CMakeFiles/CMakeTmp/CheckSymbolExists.c:
/* */
#include <pthread.h>

int main(int argc, char** argv)
{
  (void)argv;
#ifndef pthread_create
  return ((int*)(&pthread_create))[argc];
#else
  (void)argc;
  return 0;
#endif
}

Determining if the function pthread_create exists in the pthreads failed with the following output:
Change Dir: /home/denim/Motionplanningws/catkin_ws/build/CMakeFiles/CMakeTmp

Run Build Command:"/usr/bin/make" "cmTC_1858c/fast"
/usr/bin/make -f CMakeFiles/cmTC_1858c.dir/build.make CMakeFiles/cmTC_1858c.dir/build
make[1]: Entering directory '/home/denim/Motionplanningws/catkin_ws/build/CMakeFiles/CMakeTmp'
Building C object CMakeFiles/cmTC_1858c.dir/CheckFunctionExists.c.o
/usr/bin/cc    -DCHECK_FUNCTION_EXISTS=pthread_create   -o CMakeFiles/cmTC_1858c.dir/CheckFunctionExists.c.o   -c /usr/share/cmake-3.5/Modules/CheckFunctionExists.c
Linking C executable cmTC_1858c
/usr/bin/cmake -E cmake_link_script CMakeFiles/cmTC_1858c.dir/link.txt --verbose=1
/usr/bin/cc   -DCHECK_FUNCTION_EXISTS=pthread_create    CMakeFiles/cmTC_1858c.dir/CheckFunctionExists.c.o  -o cmTC_1858c -rdynamic -lpthreads 
/usr/bin/ld: cannot find -lpthreads
collect2: error: ld returned 1 exit status
CMakeFiles/cmTC_1858c.dir/build.make:97: recipe for target 'cmTC_1858c' failed
make[1]: *** [cmTC_1858c] Error 1
make[1]: Leaving directory '/home/denim/Motionplanningws/catkin_ws/build/CMakeFiles/CMakeTmp'
Makefile:126: recipe for target 'cmTC_1858c/fast' failed
make: *** [cmTC_1858c/fast] Error 2


